
**** Build of configuration Nios II for project sqrt ****

make all 
Info: Building ../sqrt_bsp/
make --no-print-directory -C ../sqrt_bsp/
[BSP build complete]
Info: Compiling tp_nios_sqrt.c to obj/default/tp_nios_sqrt.o
nios2-elf-gcc -xc -MP -MMD -c -I../sqrt_bsp//HAL/inc -I../sqrt_bsp/ -I../sqrt_bsp//drivers/inc  -DSYSTEM_BUS_WIDTH=32 -pipe -D__hal__ -DALT_NO_INSTRUCTION_EMULATION -DALT_USE_SMALL_DRIVERS -DSMALL_C_LIB -DALT_SINGLE_THREADED    -O0 -g -Wall   -EL -mno-hw-div -mhw-mul -mno-hw-mulx  -o obj/default/tp_nios_sqrt.o tp_nios_sqrt.c
tp_nios_sqrt.c:3: warning: initialization makes pointer from integer without a cast
tp_nios_sqrt.c:4: warning: initialization makes pointer from integer without a cast
tp_nios_sqrt.c:5: warning: initialization makes pointer from integer without a cast
tp_nios_sqrt.c:6: warning: initialization makes pointer from integer without a cast
tp_nios_sqrt.c:7: warning: initialization makes pointer from integer without a cast
tp_nios_sqrt.c:8: warning: initialization makes pointer from integer without a cast
Info: Linking sqrt.elf
nios2-elf-g++  -T'../sqrt_bsp//linker.x' -msys-crt0='../sqrt_bsp//obj/HAL/src/crt0.o' -msys-lib=hal_bsp -L../sqrt_bsp/  -msmallc  -Wl,-Map=sqrt.map   -O0 -g -Wall   -EL -mno-hw-div -mhw-mul -mno-hw-mulx  -o sqrt.elf obj/default/tp_nios_sqrt.o -lm 
nios2-elf-insert sqrt.elf --thread_model hal --cpu_name NIOS --qsys true --simulation_enabled false --id 0 --sidp 0x8828 --timestamp 1759908319 --stderr_dev JTAG_UART --stdin_dev JTAG_UART --stdout_dev JTAG_UART --sopc_system_name nios_system --quartus_project_dir "C:/Users/fismail/Desktop/Projet_Racine_Carree_Etu/Projet_Racine_Carree_Etu" --jdi C:/Users/fismail/Desktop/Projet_Racine_Carree_Etu/Projet_Racine_Carree_Etu/top.jdi --sopcinfo C:/Users/fismail/Desktop/Projet_Racine_Carree_Etu/Projet_Racine_Carree_Etu/nios_system.sopcinfo
Info: (sqrt.elf) 13 KBytes program size (code + initialized data).
Info:            2140 Bytes free for stack + heap.
Info: Creating sqrt.objdump
nios2-elf-objdump --disassemble --syms --all-header --source sqrt.elf >sqrt.objdump
[sqrt build complete]

**** Build Finished ****

**** Build of configuration Nios II for project sqrt ****

make all 
Info: Building ../sqrt_bsp/
make --no-print-directory -C ../sqrt_bsp/
[BSP build complete]
[sqrt build complete]

**** Build Finished ****

**** Build of configuration Nios II for project sqrt ****

make all 
Info: Building ../sqrt_bsp/
make --no-print-directory -C ../sqrt_bsp/
[BSP build complete]
[sqrt build complete]

**** Build Finished ****

**** Build of configuration Nios II for project sqrt ****

make all 
Info: Building ../sqrt_bsp/
make --no-print-directory -C ../sqrt_bsp/
[BSP build complete]
Info: Compiling tp_nios_sqrt.c to obj/default/tp_nios_sqrt.o
nios2-elf-gcc -xc -MP -MMD -c -I../sqrt_bsp//HAL/inc -I../sqrt_bsp/ -I../sqrt_bsp//drivers/inc  -DSYSTEM_BUS_WIDTH=32 -pipe -D__hal__ -DALT_NO_INSTRUCTION_EMULATION -DALT_USE_SMALL_DRIVERS -DSMALL_C_LIB -DALT_SINGLE_THREADED    -O0 -g -Wall   -EL -mno-hw-div -mhw-mul -mno-hw-mulx  -o obj/default/tp_nios_sqrt.o tp_nios_sqrt.c
tp_nios_sqrt.c:3: warning: initialization makes pointer from integer without a cast
tp_nios_sqrt.c:4: warning: initialization makes pointer from integer without a cast
tp_nios_sqrt.c:5: warning: initialization makes pointer from integer without a cast
tp_nios_sqrt.c:6: warning: initialization makes pointer from integer without a cast
tp_nios_sqrt.c:7: warning: initialization makes pointer from integer without a cast
tp_nios_sqrt.c:8: warning: initialization makes pointer from integer without a cast
tp_nios_sqrt.c: In function 'sqrt2':
tp_nios_sqrt.c:61: warning: left shift count >= width of type
Info: Linking sqrt.elf
nios2-elf-g++  -T'../sqrt_bsp//linker.x' -msys-crt0='../sqrt_bsp//obj/HAL/src/crt0.o' -msys-lib=hal_bsp -L../sqrt_bsp/  -msmallc  -Wl,-Map=sqrt.map   -O0 -g -Wall   -EL -mno-hw-div -mhw-mul -mno-hw-mulx  -o sqrt.elf obj/default/tp_nios_sqrt.o -lm 
nios2-elf-insert sqrt.elf --thread_model hal --cpu_name NIOS --qsys true --simulation_enabled false --id 0 --sidp 0x8828 --timestamp 1759908319 --stderr_dev JTAG_UART --stdin_dev JTAG_UART --stdout_dev JTAG_UART --sopc_system_name nios_system --quartus_project_dir "C:/Users/fismail/Desktop/Projet_Racine_Carree_Etu/Projet_Racine_Carree_Etu" --jdi C:/Users/fismail/Desktop/Projet_Racine_Carree_Etu/Projet_Racine_Carree_Etu/top.jdi --sopcinfo C:/Users/fismail/Desktop/Projet_Racine_Carree_Etu/Projet_Racine_Carree_Etu/nios_system.sopcinfo
Info: (sqrt.elf) 12 KBytes program size (code + initialized data).
Info:            2736 Bytes free for stack + heap.
Info: Creating sqrt.objdump
nios2-elf-objdump --disassemble --syms --all-header --source sqrt.elf >sqrt.objdump
[sqrt build complete]

**** Build Finished ****

**** Build of configuration Nios II for project sqrt ****

make all 
Info: Building ../sqrt_bsp/
make --no-print-directory -C ../sqrt_bsp/
[BSP build complete]
[sqrt build complete]

**** Build Finished ****

**** Build of configuration Nios II for project sqrt ****

make all 
Info: Building ../sqrt_bsp/
make --no-print-directory -C ../sqrt_bsp/
[BSP build complete]
[sqrt build complete]

**** Build Finished ****

**** Build of configuration Nios II for project sqrt ****

make all 
Info: Building ../sqrt_bsp/
make --no-print-directory -C ../sqrt_bsp/
[BSP build complete]
Info: Compiling tp_nios_sqrt.c to obj/default/tp_nios_sqrt.o
nios2-elf-gcc -xc -MP -MMD -c -I../sqrt_bsp//HAL/inc -I../sqrt_bsp/ -I../sqrt_bsp//drivers/inc  -DSYSTEM_BUS_WIDTH=32 -pipe -D__hal__ -DALT_NO_INSTRUCTION_EMULATION -DALT_USE_SMALL_DRIVERS -DSMALL_C_LIB -DALT_SINGLE_THREADED    -O0 -g -Wall   -EL -mno-hw-div -mhw-mul -mno-hw-mulx  -o obj/default/tp_nios_sqrt.o tp_nios_sqrt.c
tp_nios_sqrt.c:3: warning: initialization makes pointer from integer without a cast
tp_nios_sqrt.c:4: warning: initialization makes pointer from integer without a cast
tp_nios_sqrt.c:5: warning: initialization makes pointer from integer without a cast
tp_nios_sqrt.c:6: warning: initialization makes pointer from integer without a cast
tp_nios_sqrt.c:7: warning: initialization makes pointer from integer without a cast
tp_nios_sqrt.c:8: warning: initialization makes pointer from integer without a cast
tp_nios_sqrt.c: In function 'sqrt2':
tp_nios_sqrt.c:61: warning: left shift count >= width of type
Info: Linking sqrt.elf
nios2-elf-g++  -T'../sqrt_bsp//linker.x' -msys-crt0='../sqrt_bsp//obj/HAL/src/crt0.o' -msys-lib=hal_bsp -L../sqrt_bsp/  -msmallc  -Wl,-Map=sqrt.map   -O0 -g -Wall   -EL -mno-hw-div -mhw-mul -mno-hw-mulx  -o sqrt.elf obj/default/tp_nios_sqrt.o -lm 
nios2-elf-insert sqrt.elf --thread_model hal --cpu_name NIOS --qsys true --simulation_enabled false --id 0 --sidp 0x8828 --timestamp 1759908319 --stderr_dev JTAG_UART --stdin_dev JTAG_UART --stdout_dev JTAG_UART --sopc_system_name nios_system --quartus_project_dir "C:/Users/fismail/Desktop/Projet_Racine_Carree_Etu/Projet_Racine_Carree_Etu" --jdi C:/Users/fismail/Desktop/Projet_Racine_Carree_Etu/Projet_Racine_Carree_Etu/top.jdi --sopcinfo C:/Users/fismail/Desktop/Projet_Racine_Carree_Etu/Projet_Racine_Carree_Etu/nios_system.sopcinfo
Info: (sqrt.elf) 12 KBytes program size (code + initialized data).
Info:            2736 Bytes free for stack + heap.
Info: Creating sqrt.objdump
nios2-elf-objdump --disassemble --syms --all-header --source sqrt.elf >sqrt.objdump
[sqrt build complete]

**** Build Finished ****

**** Build of configuration Nios II for project sqrt ****

make all 
Info: Building ../sqrt_bsp/
make --no-print-directory -C ../sqrt_bsp/
[BSP build complete]
[sqrt build complete]

**** Build Finished ****

**** Build of configuration Nios II for project sqrt ****

make all 
Info: Building ../sqrt_bsp/
make --no-print-directory -C ../sqrt_bsp/
[BSP build complete]
[sqrt build complete]

**** Build Finished ****

**** Build of configuration Nios II for project sqrt ****

make all 
Info: Building ../sqrt_bsp/
make --no-print-directory -C ../sqrt_bsp/
[BSP build complete]
[sqrt build complete]

**** Build Finished ****

**** Build of configuration Nios II for project sqrt ****

make all 
Info: Building ../sqrt_bsp/
make --no-print-directory -C ../sqrt_bsp/
[BSP build complete]
[sqrt build complete]

**** Build Finished ****

**** Build of configuration Nios II for project sqrt ****

make all 
Info: Building ../sqrt_bsp/
make --no-print-directory -C ../sqrt_bsp/
[BSP build complete]
Info: Compiling tp_nios_sqrt.c to obj/default/tp_nios_sqrt.o
nios2-elf-gcc -xc -MP -MMD -c -I../sqrt_bsp//HAL/inc -I../sqrt_bsp/ -I../sqrt_bsp//drivers/inc  -DSYSTEM_BUS_WIDTH=32 -pipe -D__hal__ -DALT_NO_INSTRUCTION_EMULATION -DALT_USE_SMALL_DRIVERS -DSMALL_C_LIB -DALT_SINGLE_THREADED    -O0 -g -Wall   -EL -mno-hw-div -mhw-mul -mno-hw-mulx  -o obj/default/tp_nios_sqrt.o tp_nios_sqrt.c
tp_nios_sqrt.c:3: warning: initialization makes pointer from integer without a cast
tp_nios_sqrt.c:4: warning: initialization makes pointer from integer without a cast
tp_nios_sqrt.c:5: warning: initialization makes pointer from integer without a cast
tp_nios_sqrt.c:6: warning: initialization makes pointer from integer without a cast
tp_nios_sqrt.c:7: warning: initialization makes pointer from integer without a cast
tp_nios_sqrt.c:8: warning: initialization makes pointer from integer without a cast
tp_nios_sqrt.c: In function 'sqrt2':
tp_nios_sqrt.c:61: warning: left shift count >= width of type
Info: Linking sqrt.elf
nios2-elf-g++  -T'../sqrt_bsp//linker.x' -msys-crt0='../sqrt_bsp//obj/HAL/src/crt0.o' -msys-lib=hal_bsp -L../sqrt_bsp/  -msmallc  -Wl,-Map=sqrt.map   -O0 -g -Wall   -EL -mno-hw-div -mhw-mul -mno-hw-mulx  -o sqrt.elf obj/default/tp_nios_sqrt.o -lm 
nios2-elf-insert sqrt.elf --thread_model hal --cpu_name NIOS --qsys true --simulation_enabled false --id 0 --sidp 0x8828 --timestamp 1759908319 --stderr_dev JTAG_UART --stdin_dev JTAG_UART --stdout_dev JTAG_UART --sopc_system_name nios_system --quartus_project_dir "C:/Users/fismail/Desktop/Projet_Racine_Carree_Etu/Projet_Racine_Carree_Etu" --jdi C:/Users/fismail/Desktop/Projet_Racine_Carree_Etu/Projet_Racine_Carree_Etu/top.jdi --sopcinfo C:/Users/fismail/Desktop/Projet_Racine_Carree_Etu/Projet_Racine_Carree_Etu/nios_system.sopcinfo
Info: (sqrt.elf) 13 KBytes program size (code + initialized data).
Info:            2144 Bytes free for stack + heap.
Info: Creating sqrt.objdump
nios2-elf-objdump --disassemble --syms --all-header --source sqrt.elf >sqrt.objdump
[sqrt build complete]

**** Build Finished ****

**** Build of configuration Nios II for project sqrt ****

make all 
Info: Building ../sqrt_bsp/
make --no-print-directory -C ../sqrt_bsp/
[BSP build complete]
[sqrt build complete]

**** Build Finished ****

**** Build of configuration Nios II for project sqrt ****

make all 
Info: Building ../sqrt_bsp/
make --no-print-directory -C ../sqrt_bsp/
[BSP build complete]
[sqrt build complete]

**** Build Finished ****

**** Build of configuration Nios II for project sqrt ****

make all 
Info: Building ../sqrt_bsp/
make --no-print-directory -C ../sqrt_bsp/
[BSP build complete]
[sqrt build complete]

**** Build Finished ****

**** Build of configuration Nios II for project sqrt ****

make all 
Info: Building ../sqrt_bsp/
make --no-print-directory -C ../sqrt_bsp/
[BSP build complete]
[sqrt build complete]

**** Build Finished ****

**** Build of configuration Nios II for project sqrt ****

make all 
Info: Building ../sqrt_bsp/
make --no-print-directory -C ../sqrt_bsp/
[BSP build complete]
Info: Compiling tp_nios_sqrt.c to obj/default/tp_nios_sqrt.o
nios2-elf-gcc -xc -MP -MMD -c -I../sqrt_bsp//HAL/inc -I../sqrt_bsp/ -I../sqrt_bsp//drivers/inc  -DSYSTEM_BUS_WIDTH=32 -pipe -D__hal__ -DALT_NO_INSTRUCTION_EMULATION -DALT_USE_SMALL_DRIVERS -DSMALL_C_LIB -DALT_SINGLE_THREADED    -O0 -g -Wall   -EL -mno-hw-div -mhw-mul -mno-hw-mulx  -o obj/default/tp_nios_sqrt.o tp_nios_sqrt.c
tp_nios_sqrt.c:3: warning: initialization makes pointer from integer without a cast
tp_nios_sqrt.c:4: warning: initialization makes pointer from integer without a cast
tp_nios_sqrt.c:5: warning: initialization makes pointer from integer without a cast
tp_nios_sqrt.c:6: warning: initialization makes pointer from integer without a cast
tp_nios_sqrt.c:7: warning: initialization makes pointer from integer without a cast
tp_nios_sqrt.c:8: warning: initialization makes pointer from integer without a cast
Info: Linking sqrt.elf
nios2-elf-g++  -T'../sqrt_bsp//linker.x' -msys-crt0='../sqrt_bsp//obj/HAL/src/crt0.o' -msys-lib=hal_bsp -L../sqrt_bsp/  -msmallc  -Wl,-Map=sqrt.map   -O0 -g -Wall   -EL -mno-hw-div -mhw-mul -mno-hw-mulx  -o sqrt.elf obj/default/tp_nios_sqrt.o -lm 
nios2-elf-insert sqrt.elf --thread_model hal --cpu_name NIOS --qsys true --simulation_enabled false --id 0 --sidp 0x8828 --timestamp 1759908319 --stderr_dev JTAG_UART --stdin_dev JTAG_UART --stdout_dev JTAG_UART --sopc_system_name nios_system --quartus_project_dir "C:/Users/fismail/Desktop/Projet_Racine_Carree_Etu/Projet_Racine_Carree_Etu" --jdi C:/Users/fismail/Desktop/Projet_Racine_Carree_Etu/Projet_Racine_Carree_Etu/top.jdi --sopcinfo C:/Users/fismail/Desktop/Projet_Racine_Carree_Etu/Projet_Racine_Carree_Etu/nios_system.sopcinfo
Info: (sqrt.elf) 13 KBytes program size (code + initialized data).
Info:            2140 Bytes free for stack + heap.
Info: Creating sqrt.objdump
nios2-elf-objdump --disassemble --syms --all-header --source sqrt.elf >sqrt.objdump
[sqrt build complete]

**** Build Finished ****

**** Build of configuration Nios II for project sqrt ****

make all 
Info: Building ../sqrt_bsp/
make --no-print-directory -C ../sqrt_bsp/
[BSP build complete]
[sqrt build complete]

**** Build Finished ****

**** Build of configuration Nios II for project sqrt ****

make all 
Info: Building ../sqrt_bsp/
make --no-print-directory -C ../sqrt_bsp/
[BSP build complete]
[sqrt build complete]

**** Build Finished ****

**** Build of configuration Nios II for project sqrt ****

make all 
Info: Building ../sqrt_bsp/
make --no-print-directory -C ../sqrt_bsp/
[BSP build complete]
Info: Compiling tp_nios_sqrt.c to obj/default/tp_nios_sqrt.o
nios2-elf-gcc -xc -MP -MMD -c -I../sqrt_bsp//HAL/inc -I../sqrt_bsp/ -I../sqrt_bsp//drivers/inc  -DSYSTEM_BUS_WIDTH=32 -pipe -D__hal__ -DALT_NO_INSTRUCTION_EMULATION -DALT_USE_SMALL_DRIVERS -DSMALL_C_LIB -DALT_SINGLE_THREADED    -O0 -g -Wall   -EL -mno-hw-div -mhw-mul -mno-hw-mulx  -o obj/default/tp_nios_sqrt.o tp_nios_sqrt.c
tp_nios_sqrt.c:3: warning: initialization makes pointer from integer without a cast
tp_nios_sqrt.c:4: warning: initialization makes pointer from integer without a cast
tp_nios_sqrt.c:5: warning: initialization makes pointer from integer without a cast
tp_nios_sqrt.c:6: warning: initialization makes pointer from integer without a cast
tp_nios_sqrt.c:7: warning: initialization makes pointer from integer without a cast
tp_nios_sqrt.c:8: warning: initialization makes pointer from integer without a cast
Info: Linking sqrt.elf
nios2-elf-g++  -T'../sqrt_bsp//linker.x' -msys-crt0='../sqrt_bsp//obj/HAL/src/crt0.o' -msys-lib=hal_bsp -L../sqrt_bsp/  -msmallc  -Wl,-Map=sqrt.map   -O0 -g -Wall   -EL -mno-hw-div -mhw-mul -mno-hw-mulx  -o sqrt.elf obj/default/tp_nios_sqrt.o -lm 
nios2-elf-insert sqrt.elf --thread_model hal --cpu_name NIOS --qsys true --simulation_enabled false --id 0 --sidp 0x8828 --timestamp 1759908319 --stderr_dev JTAG_UART --stdin_dev JTAG_UART --stdout_dev JTAG_UART --sopc_system_name nios_system --quartus_project_dir "C:/Users/fismail/Desktop/Projet_Racine_Carree_Etu/Projet_Racine_Carree_Etu" --jdi C:/Users/fismail/Desktop/Projet_Racine_Carree_Etu/Projet_Racine_Carree_Etu/top.jdi --sopcinfo C:/Users/fismail/Desktop/Projet_Racine_Carree_Etu/Projet_Racine_Carree_Etu/nios_system.sopcinfo
Info: (sqrt.elf) 12 KBytes program size (code + initialized data).
Info:            2732 Bytes free for stack + heap.
Info: Creating sqrt.objdump
nios2-elf-objdump --disassemble --syms --all-header --source sqrt.elf >sqrt.objdump
[sqrt build complete]

**** Build Finished ****

**** Build of configuration Nios II for project sqrt ****

make all 
Info: Building ../sqrt_bsp/
make --no-print-directory -C ../sqrt_bsp/
[BSP build complete]
[sqrt build complete]

**** Build Finished ****

**** Build of configuration Nios II for project sqrt ****

make all 
Info: Building ../sqrt_bsp/
make --no-print-directory -C ../sqrt_bsp/
[BSP build complete]
[sqrt build complete]

**** Build Finished ****

**** Build of configuration Nios II for project sqrt ****

make all 
Info: Building ../sqrt_bsp/
make --no-print-directory -C ../sqrt_bsp/
[BSP build complete]
Info: Compiling tp_nios_sqrt.c to obj/default/tp_nios_sqrt.o
nios2-elf-gcc -xc -MP -MMD -c -I../sqrt_bsp//HAL/inc -I../sqrt_bsp/ -I../sqrt_bsp//drivers/inc  -DSYSTEM_BUS_WIDTH=32 -pipe -D__hal__ -DALT_NO_INSTRUCTION_EMULATION -DALT_USE_SMALL_DRIVERS -DSMALL_C_LIB -DALT_SINGLE_THREADED    -O0 -g -Wall   -EL -mno-hw-div -mhw-mul -mno-hw-mulx  -o obj/default/tp_nios_sqrt.o tp_nios_sqrt.c
tp_nios_sqrt.c:3: warning: initialization makes pointer from integer without a cast
tp_nios_sqrt.c:4: warning: initialization makes pointer from integer without a cast
tp_nios_sqrt.c:5: warning: initialization makes pointer from integer without a cast
tp_nios_sqrt.c:6: warning: initialization makes pointer from integer without a cast
tp_nios_sqrt.c:7: warning: initialization makes pointer from integer without a cast
tp_nios_sqrt.c:8: warning: initialization makes pointer from integer without a cast
Info: Linking sqrt.elf
nios2-elf-g++  -T'../sqrt_bsp//linker.x' -msys-crt0='../sqrt_bsp//obj/HAL/src/crt0.o' -msys-lib=hal_bsp -L../sqrt_bsp/  -msmallc  -Wl,-Map=sqrt.map   -O0 -g -Wall   -EL -mno-hw-div -mhw-mul -mno-hw-mulx  -o sqrt.elf obj/default/tp_nios_sqrt.o -lm 
nios2-elf-insert sqrt.elf --thread_model hal --cpu_name NIOS --qsys true --simulation_enabled false --id 0 --sidp 0x8828 --timestamp 1759908319 --stderr_dev JTAG_UART --stdin_dev JTAG_UART --stdout_dev JTAG_UART --sopc_system_name nios_system --quartus_project_dir "C:/Users/fismail/Desktop/Projet_Racine_Carree_Etu/Projet_Racine_Carree_Etu" --jdi C:/Users/fismail/Desktop/Projet_Racine_Carree_Etu/Projet_Racine_Carree_Etu/top.jdi --sopcinfo C:/Users/fismail/Desktop/Projet_Racine_Carree_Etu/Projet_Racine_Carree_Etu/nios_system.sopcinfo
Info: (sqrt.elf) 12 KBytes program size (code + initialized data).
Info:            2912 Bytes free for stack + heap.
Info: Creating sqrt.objdump
nios2-elf-objdump --disassemble --syms --all-header --source sqrt.elf >sqrt.objdump
[sqrt build complete]

**** Build Finished ****

**** Build of configuration Nios II for project sqrt ****

make all 
Info: Building ../sqrt_bsp/
make --no-print-directory -C ../sqrt_bsp/
[BSP build complete]
[sqrt build complete]

**** Build Finished ****

**** Build of configuration Nios II for project sqrt ****

make all 
Info: Building ../sqrt_bsp/
make --no-print-directory -C ../sqrt_bsp/
[BSP build complete]
[sqrt build complete]

**** Build Finished ****

**** Build of configuration Nios II for project sqrt ****

make all 
Info: Building ../sqrt_bsp/
make --no-print-directory -C ../sqrt_bsp/
[BSP build complete]
Info: Compiling tp_nios_sqrt.c to obj/default/tp_nios_sqrt.o
nios2-elf-gcc -xc -MP -MMD -c -I../sqrt_bsp//HAL/inc -I../sqrt_bsp/ -I../sqrt_bsp//drivers/inc  -DSYSTEM_BUS_WIDTH=32 -pipe -D__hal__ -DALT_NO_INSTRUCTION_EMULATION -DALT_USE_SMALL_DRIVERS -DSMALL_C_LIB -DALT_SINGLE_THREADED    -O0 -g -Wall   -EL -mno-hw-div -mhw-mul -mno-hw-mulx  -o obj/default/tp_nios_sqrt.o tp_nios_sqrt.c
tp_nios_sqrt.c:3: warning: initialization makes pointer from integer without a cast
tp_nios_sqrt.c:4: warning: initialization makes pointer from integer without a cast
tp_nios_sqrt.c:5: warning: initialization makes pointer from integer without a cast
tp_nios_sqrt.c:6: warning: initialization makes pointer from integer without a cast
tp_nios_sqrt.c:7: warning: initialization makes pointer from integer without a cast
tp_nios_sqrt.c:8: warning: initialization makes pointer from integer without a cast
Info: Linking sqrt.elf
nios2-elf-g++  -T'../sqrt_bsp//linker.x' -msys-crt0='../sqrt_bsp//obj/HAL/src/crt0.o' -msys-lib=hal_bsp -L../sqrt_bsp/  -msmallc  -Wl,-Map=sqrt.map   -O0 -g -Wall   -EL -mno-hw-div -mhw-mul -mno-hw-mulx  -o sqrt.elf obj/default/tp_nios_sqrt.o -lm 
nios2-elf-insert sqrt.elf --thread_model hal --cpu_name NIOS --qsys true --simulation_enabled false --id 0 --sidp 0x8828 --timestamp 1759908319 --stderr_dev JTAG_UART --stdin_dev JTAG_UART --stdout_dev JTAG_UART --sopc_system_name nios_system --quartus_project_dir "C:/Users/fismail/Desktop/Projet_Racine_Carree_Etu/Projet_Racine_Carree_Etu" --jdi C:/Users/fismail/Desktop/Projet_Racine_Carree_Etu/Projet_Racine_Carree_Etu/top.jdi --sopcinfo C:/Users/fismail/Desktop/Projet_Racine_Carree_Etu/Projet_Racine_Carree_Etu/nios_system.sopcinfo
Info: (sqrt.elf) 12 KBytes program size (code + initialized data).
Info:            2904 Bytes free for stack + heap.
Info: Creating sqrt.objdump
nios2-elf-objdump --disassemble --syms --all-header --source sqrt.elf >sqrt.objdump
[sqrt build complete]

**** Build Finished ****

**** Build of configuration Nios II for project sqrt ****

make all 
Info: Building ../sqrt_bsp/
make --no-print-directory -C ../sqrt_bsp/
[BSP build complete]
[sqrt build complete]

**** Build Finished ****

**** Build of configuration Nios II for project sqrt ****

make all 
Info: Building ../sqrt_bsp/
make --no-print-directory -C ../sqrt_bsp/
[BSP build complete]
[sqrt build complete]

**** Build Finished ****

**** Build of configuration Nios II for project sqrt ****

make all 
Info: Building ../sqrt_bsp/
make --no-print-directory -C ../sqrt_bsp/
[BSP build complete]
[sqrt build complete]

**** Build Finished ****

**** Build of configuration Nios II for project sqrt ****

make all 
Info: Building ../sqrt_bsp/
make --no-print-directory -C ../sqrt_bsp/
[BSP build complete]
[sqrt build complete]

**** Build Finished ****

**** Build of configuration Nios II for project sqrt ****

make all 
Info: Building ../sqrt_bsp/
make --no-print-directory -C ../sqrt_bsp/
[BSP build complete]
Info: Compiling tp_nios_sqrt.c to obj/default/tp_nios_sqrt.o
nios2-elf-gcc -xc -MP -MMD -c -I../sqrt_bsp//HAL/inc -I../sqrt_bsp/ -I../sqrt_bsp//drivers/inc  -DSYSTEM_BUS_WIDTH=32 -pipe -D__hal__ -DALT_NO_INSTRUCTION_EMULATION -DALT_USE_SMALL_DRIVERS -DSMALL_C_LIB -DALT_SINGLE_THREADED    -O0 -g -Wall   -EL -mno-hw-div -mhw-mul -mno-hw-mulx  -o obj/default/tp_nios_sqrt.o tp_nios_sqrt.c
tp_nios_sqrt.c:3: warning: initialization makes pointer from integer without a cast
tp_nios_sqrt.c:4: warning: initialization makes pointer from integer without a cast
tp_nios_sqrt.c:5: warning: initialization makes pointer from integer without a cast
tp_nios_sqrt.c:6: warning: initialization makes pointer from integer without a cast
tp_nios_sqrt.c:7: warning: initialization makes pointer from integer without a cast
tp_nios_sqrt.c:8: warning: initialization makes pointer from integer without a cast
Info: Linking sqrt.elf
nios2-elf-g++  -T'../sqrt_bsp//linker.x' -msys-crt0='../sqrt_bsp//obj/HAL/src/crt0.o' -msys-lib=hal_bsp -L../sqrt_bsp/  -msmallc  -Wl,-Map=sqrt.map   -O0 -g -Wall   -EL -mno-hw-div -mhw-mul -mno-hw-mulx  -o sqrt.elf obj/default/tp_nios_sqrt.o -lm 
nios2-elf-insert sqrt.elf --thread_model hal --cpu_name NIOS --qsys true --simulation_enabled false --id 0 --sidp 0x8828 --timestamp 1759908319 --stderr_dev JTAG_UART --stdin_dev JTAG_UART --stdout_dev JTAG_UART --sopc_system_name nios_system --quartus_project_dir "C:/Users/fismail/Desktop/Projet_Racine_Carree_Etu/Projet_Racine_Carree_Etu" --jdi C:/Users/fismail/Desktop/Projet_Racine_Carree_Etu/Projet_Racine_Carree_Etu/top.jdi --sopcinfo C:/Users/fismail/Desktop/Projet_Racine_Carree_Etu/Projet_Racine_Carree_Etu/nios_system.sopcinfo
Info: (sqrt.elf) 12 KBytes program size (code + initialized data).
Info:            2904 Bytes free for stack + heap.
Info: Creating sqrt.objdump
nios2-elf-objdump --disassemble --syms --all-header --source sqrt.elf >sqrt.objdump
[sqrt build complete]

**** Build Finished ****

**** Build of configuration Nios II for project sqrt ****

make all 
Info: Building ../sqrt_bsp/
make --no-print-directory -C ../sqrt_bsp/
[BSP build complete]
[sqrt build complete]

**** Build Finished ****

**** Build of configuration Nios II for project sqrt_bsp ****

make all 
[BSP build complete]

**** Build Finished ****

**** Build of configuration Nios II for project sqrt ****

make all 
Info: Building ../sqrt_bsp/
make --no-print-directory -C ../sqrt_bsp/
[BSP build complete]
[sqrt build complete]

**** Build Finished ****

**** Build of configuration Nios II for project sqrt ****

make all 
Info: Building ../sqrt_bsp/
make --no-print-directory -C ../sqrt_bsp/
[BSP build complete]
[sqrt build complete]

**** Build Finished ****

**** Build of configuration Nios II for project sqrt_bsp ****

make all 
[BSP build complete]

**** Build Finished ****

**** Build of configuration Nios II for project sqrt ****

make all 
Info: Building ../sqrt_bsp/
make --no-print-directory -C ../sqrt_bsp/
[BSP build complete]
[sqrt build complete]

**** Build Finished ****

**** Build of configuration Nios II for project sqrt ****

make all 
Info: Building ../sqrt_bsp/
make --no-print-directory -C ../sqrt_bsp/
[BSP build complete]
[sqrt build complete]

**** Build Finished ****

**** Build of configuration Nios II for project sqrt ****

make all 
Info: Building ../sqrt_bsp/
make --no-print-directory -C ../sqrt_bsp/
[BSP build complete]
Info: Compiling tp_nios_sqrt.c to obj/default/tp_nios_sqrt.o
nios2-elf-gcc -xc -MP -MMD -c -I../sqrt_bsp//HAL/inc -I../sqrt_bsp/ -I../sqrt_bsp//drivers/inc  -DSYSTEM_BUS_WIDTH=32 -pipe -D__hal__ -DALT_NO_INSTRUCTION_EMULATION -DALT_USE_SMALL_DRIVERS -DSMALL_C_LIB -DALT_SINGLE_THREADED    -O0 -g -Wall   -EL -mno-hw-div -mhw-mul -mno-hw-mulx  -o obj/default/tp_nios_sqrt.o tp_nios_sqrt.c
tp_nios_sqrt.c:3: warning: initialization makes pointer from integer without a cast
tp_nios_sqrt.c:4: warning: initialization makes pointer from integer without a cast
tp_nios_sqrt.c:5: warning: initialization makes pointer from integer without a cast
tp_nios_sqrt.c:6: warning: initialization makes pointer from integer without a cast
tp_nios_sqrt.c:7: warning: initialization makes pointer from integer without a cast
tp_nios_sqrt.c:8: warning: initialization makes pointer from integer without a cast
Info: Linking sqrt.elf
nios2-elf-g++  -T'../sqrt_bsp//linker.x' -msys-crt0='../sqrt_bsp//obj/HAL/src/crt0.o' -msys-lib=hal_bsp -L../sqrt_bsp/  -msmallc  -Wl,-Map=sqrt.map   -O0 -g -Wall   -EL -mno-hw-div -mhw-mul -mno-hw-mulx  -o sqrt.elf obj/default/tp_nios_sqrt.o -lm 
nios2-elf-insert sqrt.elf --thread_model hal --cpu_name NIOS --qsys true --simulation_enabled false --id 0 --sidp 0x8828 --timestamp 1759908319 --stderr_dev JTAG_UART --stdin_dev JTAG_UART --stdout_dev JTAG_UART --sopc_system_name nios_system --quartus_project_dir "C:/Users/fismail/Desktop/Projet_Racine_Carree_Etu/Projet_Racine_Carree_Etu" --jdi C:/Users/fismail/Desktop/Projet_Racine_Carree_Etu/Projet_Racine_Carree_Etu/top.jdi --sopcinfo C:/Users/fismail/Desktop/Projet_Racine_Carree_Etu/Projet_Racine_Carree_Etu/nios_system.sopcinfo
Info: (sqrt.elf) 12 KBytes program size (code + initialized data).
Info:            2912 Bytes free for stack + heap.
Info: Creating sqrt.objdump
nios2-elf-objdump --disassemble --syms --all-header --source sqrt.elf >sqrt.objdump
[sqrt build complete]

**** Build Finished ****

**** Build of configuration Nios II for project sqrt ****

make all 
Info: Building ../sqrt_bsp/
make --no-print-directory -C ../sqrt_bsp/
[BSP build complete]
[sqrt build complete]

**** Build Finished ****

**** Build of configuration Nios II for project sqrt ****

make all 
Info: Building ../sqrt_bsp/
make --no-print-directory -C ../sqrt_bsp/
[BSP build complete]
[sqrt build complete]

**** Build Finished ****
